<?xml version="1.0" encoding="UTF-8"?>
<testsuite xmlns:xsi="http://www.w3.org/2001/XMLSchema-instance" xsi:noNamespaceSchemaLocation="https://maven.apache.org/surefire/maven-surefire-plugin/xsd/surefire-test-report-3.0.xsd" version="3.0" name="ua.kpi.comsys.test2.implementation.ScaleOfNotationChangeTest" time="0.001" tests="5" errors="0" skipped="4" failures="0">
  <properties>
[...]
</properties>
  <testcase name="testToOctal" classname="ua.kpi.comsys.test2.implementation.ScaleOfNotationChangeTest" time="0.0">
    <skipped message="got: &lt;false&gt;, expected: is &lt;true&gt;"/>
  </testcase>
  <testcase name="testToBinary" classname="ua.kpi.comsys.test2.implementation.ScaleOfNotationChangeTest" time="0.0">
    <skipped message="got: &lt;false&gt;, expected: is &lt;true&gt;"/>
  </testcase>
  <testcase name="testToHex" classname="ua.kpi.comsys.test2.implementation.ScaleOfNotationChangeTest" time="0.0">
    <skipped message="got: &lt;false&gt;, expected: is &lt;true&gt;"/>
  </testcase>
  <testcase name="testToDecimal" classname="ua.kpi.comsys.test2.implementation.ScaleOfNotationChangeTest" time="0.0"/>
  <testcase name="testToTernary" classname="ua.kpi.comsys.test2.implementation.ScaleOfNotationChangeTest" time="0.0">
    <skipped message="got: &lt;false&gt;, expected: is &lt;true&gt;"/>
  </testcase>
</testsuite>